<?xml version="1.0" encoding="UTF-8" ?>
<testsuites>
 <testsuite name="loginPage_script" package="Demo1.suite" timestamp="2023-12-11 17:57:42.048 +0530"
 tests="1"  failures="1" errors="1" time="54.817000">
  <properties>
   <property name="RunDate" value="2023-12-11 17:57:42.048 +0530"/>
   <property name="Status" value="Failure"/>
  </properties>
  <testcase name="loginPage.script" assertions="1" status="error"  time="54.8">
    <failure type="FAILURE" message="Image Not Found: click Error - No Image Found On Screen: &quot;Login/loginButtonClick&quot; -- Execution Time 0:00:54 loginPage.script" />
    <error type="Exception" message="No Image Found On Screen: &quot;Login/loginButtonClick&quot;" />
  </testcase>
 </testsuite>
</testsuites>
