<?xml version="1.0" encoding="UTF-8" ?>
<testsuites>
 <testsuite name="basic_UI_script" package="Demo1.suite" timestamp="2023-12-07 15:42:33.911 +0530"
 tests="1"  failures="1" errors="1" time="21.077000">
  <properties>
   <property name="RunDate" value="2023-12-07 15:42:33.911 +0530"/>
   <property name="Status" value="Failure"/>
  </properties>
  <testcase name="basic_UI.script" assertions="1" status="error"  time="21.064">
    <failure type="FAILURE" message="File Not Found: click Error - Could Not Open Image: YourDropdown -- Execution Time 0:00:21 basic_UI.script" />
    <error type="Exception" message="Could Not Open Image: YourDropdown" />
  </testcase>
 </testsuite>
</testsuites>
