<?xml version="1.0" encoding="UTF-8" ?>
<testsuites>
 <testsuite name="loginPage_script" package="Demo1.suite" timestamp="2023-12-11 17:48:51.731 +0530"
 tests="1"  failures="1" errors="1" time="48.440000">
  <properties>
   <property name="RunDate" value="2023-12-11 17:48:51.731 +0530"/>
   <property name="Status" value="Failure"/>
  </properties>
  <testcase name="loginPage.script" assertions="1" status="error"  time="48.416">
    <failure type="FAILURE" message="Image Not Found: click Error - No Image Found On Screen: &quot;Login/passwordField&quot; -- Execution Time 0:00:48 loginPage.script" />
    <error type="Exception" message="No Image Found On Screen: &quot;Login/passwordField&quot;" />
  </testcase>
 </testsuite>
</testsuites>
