<?xml version="1.0" encoding="UTF-8" ?>
<testsuites>
 <testsuite name="loginPage_script" package="Demo1.suite" timestamp="2023-12-11 18:36:31.218 +0530"
 tests="1"  failures="1" errors="1" time="57.863000">
  <properties>
   <property name="RunDate" value="2023-12-11 18:36:31.218 +0530"/>
   <property name="Status" value="Failure"/>
  </properties>
  <testcase name="loginPage.script" assertions="1" status="error"  time="57.851">
    <failure type="FAILURE" message="Image Not Found: click Error - No Image Found On Screen: &quot;Login/eyeShowPassword&quot; -- Execution Time 0:00:57 loginPage.script" />
    <error type="Exception" message="No Image Found On Screen: &quot;Login/eyeShowPassword&quot;" />
  </testcase>
 </testsuite>
</testsuites>
