<?xml version="1.0" encoding="UTF-8" ?>
<testsuites>
 <testsuite name="signUp_script" package="Demo1.suite" timestamp="2023-12-11 22:15:11.373 +0530"
 tests="1"  failures="1" errors="1" time="34.973000">
  <properties>
   <property name="RunDate" value="2023-12-11 22:15:11.373 +0530"/>
   <property name="Status" value="Failure"/>
  </properties>
  <testcase name="signUp.script" assertions="1" status="error"  time="34.958">
    <failure type="FAILURE" message="Image Not Found: click Error - No Image Found On Screen: &quot;signUp/yourEmailInputFiled&quot; -- Execution Time 0:00:34 signUp.script" />
    <error type="Exception" message="No Image Found On Screen: &quot;signUp/yourEmailInputFiled&quot;" />
  </testcase>
 </testsuite>
</testsuites>
