<?xml version="1.0" encoding="UTF-8" ?>
<testsuites>
 <testsuite name="loginPage_script" package="Demo1.suite" timestamp="2023-12-11 17:30:23.683 +0530"
 tests="1"  failures="1" errors="0" time="0.018000">
  <properties>
   <property name="RunDate" value="2023-12-11 17:30:23.683 +0530"/>
   <property name="Status" value="Failure"/>
  </properties>
  <testcase name="loginPage.script" assertions="1" status="failure"  time="0.002">
    <failure type="FAILURE" message="SenseTalk Compiler Exception: in loginpage:\nSyntax Error at line 19: can&apos;t understand &quot;try&quot; at character 8 -- Execution Time 0:00:00 loginPage.script" />
  </testcase>
 </testsuite>
</testsuites>
