<?xml version="1.0" encoding="UTF-8" ?>
<testsuites>
 <testsuite name="basic_UI_script" package="Demo1.suite" timestamp="2023-12-07 15:43:19.187 +0530"
 tests="1"  failures="1" errors="1" time="9.558000">
  <properties>
   <property name="RunDate" value="2023-12-07 15:43:19.187 +0530"/>
   <property name="Status" value="Failure"/>
  </properties>
  <testcase name="basic_UI.script" assertions="1" status="error"  time="9.548">
    <failure type="FAILURE" message="File Not Found: click Error - Could Not Open Image: YourDropdown -- Execution Time 0:00:09 basic_UI.script" />
    <error type="Exception" message="Could Not Open Image: YourDropdown" />
  </testcase>
 </testsuite>
</testsuites>
